Using pre-set license
Built from '2020.3/staging' branch; Version is '2020.3.10f1 (297d780c91bc) revision 2719096'; Using compiler version '192528614'; Build Type 'Release'
OS: 'Windows 10 Pro; OS build 19042.1052; Version 2009; 64bit' Language: 'ko' Physical Memory: 7972 MB
BatchMode: 1, IsHumanControllingUs: 0, StartBugReporterOnCrash: 0, Is64bit: 1, IsPro: 0

 COMMAND LINE ARGUMENTS:
C:\Program Files\Unity\Hub\Editor\2020.3.10f1\Editor\Unity.exe
-adb2
-batchMode
-noUpm
-name
AssetImportWorker0
-projectPath
C:/Users/songe/study final
-logFile
Logs/AssetImportWorker0.log
-srvPort
54444
Successfully changed project path to: C:/Users/songe/study final
C:/Users/songe/study final
Using Asset Import Pipeline V2.
Refreshing native plugins compatible for Editor in 142.45 ms, found 2 plugins.
Preloading 0 native plugins for Editor in 0.00 ms.
Initialize engine version: 2020.3.10f1 (297d780c91bc)
[Subsystems] Discovering subsystems at path C:/Program Files/Unity/Hub/Editor/2020.3.10f1/Editor/Data/Resources/UnitySubsystems
[Subsystems] Discovering subsystems at path C:/Users/songe/study final/Assets
GfxDevice: creating device client; threaded=0
Direct3D:
    Version:  Direct3D 11.0 [level 11.1]
    Renderer: NVIDIA GeForce GTX 1650 (ID=0x1f91)
    Vendor:   
    VRAM:     3964 MB
    Driver:   27.21.14.6231
Initialize mono
Mono path[0] = 'C:/Program Files/Unity/Hub/Editor/2020.3.10f1/Editor/Data/Managed'
Mono path[1] = 'C:/Program Files/Unity/Hub/Editor/2020.3.10f1/Editor/Data/MonoBleedingEdge/lib/mono/unityjit'
Mono config path = 'C:/Program Files/Unity/Hub/Editor/2020.3.10f1/Editor/Data/MonoBleedingEdge/etc'
Using monoOptions --debugger-agent=transport=dt_socket,embedding=1,server=y,suspend=n,address=127.0.0.1:56028
Begin MonoManager ReloadAssembly
Registering precompiled unity dll's ...
Register platform support module: C:/Program Files/Unity/Hub/Editor/2020.3.10f1/Editor/Data/PlaybackEngines/WindowsStandaloneSupport/UnityEditor.WindowsStandalone.Extensions.dll
Registered in 0.018341 seconds.
Native extension for WindowsStandalone target not found
Refreshing native plugins compatible for Editor in 51.61 ms, found 2 plugins.
Preloading 0 native plugins for Editor in 0.00 ms.
Mono: successfully reloaded assembly
- Completed reload, in  6.151 seconds
Platform modules already initialized, skipping
Registering precompiled user dll's ...
Registered in 0.060616 seconds.
Begin MonoManager ReloadAssembly
Native extension for WindowsStandalone target not found
Refreshing native plugins compatible for Editor in 0.63 ms, found 2 plugins.
Preloading 0 native plugins for Editor in 0.00 ms.
Mono: successfully reloaded assembly
- Completed reload, in  3.836 seconds
Platform modules already initialized, skipping
========================================================================
Worker process is ready to serve import requests
Launched and connected shader compiler UnityShaderCompiler.exe after 0.21 seconds
Refreshing native plugins compatible for Editor in 0.90 ms, found 2 plugins.
Preloading 0 native plugins for Editor in 0.00 ms.
Unloading 1386 Unused Serialized files (Serialized files now loaded: 0)
System memory in use before: 67.3 MB.
System memory in use after: 67.3 MB.

Unloading 19 unused Assets to reduce memory usage. Loaded Objects now: 1819.
Total: 5.561700 ms (FindLiveObjects: 0.458500 ms CreateObjectMapping: 0.183200 ms MarkObjects: 4.707700 ms  DeleteObjects: 0.209800 ms)

========================================================================
Received Import Request.
  path: Assets/New Material.mat
  artifactKey: Guid(352253f8840edf84ca574d4a3b22cae8) Importer(815301076,1909f56bfc062723c751e8b465ee728b)
Start importing Assets/New Material.mat using Guid(352253f8840edf84ca574d4a3b22cae8) Importer(815301076,1909f56bfc062723c751e8b465ee728b)  -> (artifact id: 'fccef1b22c490650a5cbf708964c3621') in 0.465799 seconds
  Import took 0.474623 seconds .

========================================================================
Received Import Request.
  Time since last request: 2406.233047 seconds.
  path: Assets
  artifactKey: Guid(00000000000000001000000000000000) Importer(815301076,1909f56bfc062723c751e8b465ee728b)
Start importing Assets using Guid(00000000000000001000000000000000) Importer(815301076,1909f56bfc062723c751e8b465ee728b)  -> (artifact id: '42d402b061de3733987d63b9cc3b64de') in 0.019753 seconds
  Import took 0.033896 seconds .

========================================================================
Received Import Request.
  Time since last request: 9.229267 seconds.
  path: Assets/Material
  artifactKey: Guid(0f1b9c4b354c46e4189deb3a22068dff) Importer(815301076,1909f56bfc062723c751e8b465ee728b)
Start importing Assets/Material using Guid(0f1b9c4b354c46e4189deb3a22068dff) Importer(815301076,1909f56bfc062723c751e8b465ee728b)  -> (artifact id: '1a2c31907e5d3add6a3be02cfd90dd68') in 0.020350 seconds
  Import took 0.029374 seconds .

========================================================================
Received Import Request.
  Time since last request: 5.991418 seconds.
  path: Assets/Prefabs
  artifactKey: Guid(259cf88c82bd7a64fb93232dbffa770b) Importer(815301076,1909f56bfc062723c751e8b465ee728b)
Start importing Assets/Prefabs using Guid(259cf88c82bd7a64fb93232dbffa770b) Importer(815301076,1909f56bfc062723c751e8b465ee728b)  -> (artifact id: '12db1ded6a70ba71ce92ad3129eb8753') in 0.019632 seconds
  Import took 0.036497 seconds .

========================================================================
Received Import Request.
  Time since last request: 0.004679 seconds.
  path: Assets/Prefabs
  artifactKey: Guid(259cf88c82bd7a64fb93232dbffa770b) Importer(815301076,1909f56bfc062723c751e8b465ee728b)
Start importing Assets/Prefabs using Guid(259cf88c82bd7a64fb93232dbffa770b) Importer(815301076,1909f56bfc062723c751e8b465ee728b)  -> (artifact id: '12db1ded6a70ba71ce92ad3129eb8753') in 0.018019 seconds
  Import took 0.027925 seconds .

========================================================================
Received Import Request.
  Time since last request: 17.413037 seconds.
  path: Assets/Materials
  artifactKey: Guid(0f1b9c4b354c46e4189deb3a22068dff) Importer(815301076,1909f56bfc062723c751e8b465ee728b)
Start importing Assets/Materials using Guid(0f1b9c4b354c46e4189deb3a22068dff) Importer(815301076,1909f56bfc062723c751e8b465ee728b)  -> (artifact id: 'a31d335afde4ea900f30ff7e9aba70f7') in 0.015653 seconds
  Import took 0.022881 seconds .

========================================================================
Received Import Request.
  Time since last request: 5.374687 seconds.
  path: Assets/Scripts
  artifactKey: Guid(fa2a84de54bb3354e97d56d2a749dc93) Importer(815301076,1909f56bfc062723c751e8b465ee728b)
Start importing Assets/Scripts using Guid(fa2a84de54bb3354e97d56d2a749dc93) Importer(815301076,1909f56bfc062723c751e8b465ee728b)  -> (artifact id: '90ead3cd5c4e5f02d2ecda3db234acfd') in 0.022229 seconds
  Import took 0.030029 seconds .

========================================================================
Received Import Request.
  Time since last request: 516.494492 seconds.
  path: Assets/Scripts/NewBehaviourScript.cs
  artifactKey: Guid(7b13ff9e2b965c645a8f018e77f54f1e) Importer(815301076,1909f56bfc062723c751e8b465ee728b)
Start importing Assets/Scripts/NewBehaviourScript.cs using Guid(7b13ff9e2b965c645a8f018e77f54f1e) Importer(815301076,1909f56bfc062723c751e8b465ee728b)  -> (artifact id: '174dc6da18cef1be6f2d469a0be45e9a') in 0.058544 seconds
  Import took 0.065176 seconds .

========================================================================
Received Prepare
Registering precompiled user dll's ...
Registered in 0.037545 seconds.
Begin MonoManager ReloadAssembly
Native extension for WindowsStandalone target not found
Refreshing native plugins compatible for Editor in 0.92 ms, found 2 plugins.
Preloading 0 native plugins for Editor in 0.00 ms.
Mono: successfully reloaded assembly
- Completed reload, in  3.733 seconds
Platform modules already initialized, skipping
Refreshing native plugins compatible for Editor in 0.97 ms, found 2 plugins.
Preloading 0 native plugins for Editor in 0.00 ms.
Unloading 1382 Unused Serialized files (Serialized files now loaded: 0)
System memory in use before: 70.5 MB.
System memory in use after: 70.6 MB.

Unloading 14 unused Assets to reduce memory usage. Loaded Objects now: 1863.
Total: 6.292300 ms (FindLiveObjects: 0.296500 ms CreateObjectMapping: 0.100400 ms MarkObjects: 5.448100 ms  DeleteObjects: 0.442200 ms)

========================================================================
Received Prepare
Registering precompiled user dll's ...
Registered in 0.038269 seconds.
Begin MonoManager ReloadAssembly
Native extension for WindowsStandalone target not found
Refreshing native plugins compatible for Editor in 0.38 ms, found 2 plugins.
Preloading 0 native plugins for Editor in 0.00 ms.
Mono: successfully reloaded assembly
- Completed reload, in  2.895 seconds
Platform modules already initialized, skipping
Refreshing native plugins compatible for Editor in 4.05 ms, found 2 plugins.
Preloading 0 native plugins for Editor in 0.00 ms.
Unloading 1382 Unused Serialized files (Serialized files now loaded: 0)
System memory in use before: 70.6 MB.
System memory in use after: 70.6 MB.

Unloading 14 unused Assets to reduce memory usage. Loaded Objects now: 1866.
Total: 19.185600 ms (FindLiveObjects: 3.963400 ms CreateObjectMapping: 1.351600 ms MarkObjects: 13.647400 ms  DeleteObjects: 0.218400 ms)

========================================================================
Received Import Request.
  Time since last request: 4669.243156 seconds.
  path: Assets/Scenes/SampleScene.unity
  artifactKey: Guid(9fc0d4010bbf28b4594072e72b8655ab) Importer(815301076,1909f56bfc062723c751e8b465ee728b)
Start importing Assets/Scenes/SampleScene.unity using Guid(9fc0d4010bbf28b4594072e72b8655ab) Importer(815301076,1909f56bfc062723c751e8b465ee728b)  -> (artifact id: '85059f4f9e1a832ed95adaa0d25c5c4c') in 0.020955 seconds
  Import took 0.026218 seconds .

========================================================================
Received Prepare
Registering precompiled user dll's ...
Registered in 0.033882 seconds.
Begin MonoManager ReloadAssembly
Native extension for WindowsStandalone target not found
Refreshing native plugins compatible for Editor in 0.59 ms, found 2 plugins.
Preloading 0 native plugins for Editor in 0.00 ms.
Mono: successfully reloaded assembly
- Completed reload, in  3.636 seconds
Platform modules already initialized, skipping
Refreshing native plugins compatible for Editor in 0.60 ms, found 2 plugins.
Preloading 0 native plugins for Editor in 0.00 ms.
Unloading 1382 Unused Serialized files (Serialized files now loaded: 0)
System memory in use before: 70.6 MB.
System memory in use after: 70.7 MB.

Unloading 14 unused Assets to reduce memory usage. Loaded Objects now: 1869.
Total: 3.649200 ms (FindLiveObjects: 0.291300 ms CreateObjectMapping: 0.098400 ms MarkObjects: 3.157500 ms  DeleteObjects: 0.099900 ms)

========================================================================
Received Import Request.
  Time since last request: 123.943761 seconds.
  path: Assets/Scripts/NewBehaviourScript.cs
  artifactKey: Guid(7b13ff9e2b965c645a8f018e77f54f1e) Importer(815301076,1909f56bfc062723c751e8b465ee728b)
Start importing Assets/Scripts/NewBehaviourScript.cs using Guid(7b13ff9e2b965c645a8f018e77f54f1e) Importer(815301076,1909f56bfc062723c751e8b465ee728b)  -> (artifact id: '9f539089ffbbe282544b77bfb873fea5') in 0.014499 seconds
  Import took 0.020601 seconds .

========================================================================
Received Prepare
Registering precompiled user dll's ...
Registered in 0.041841 seconds.
Begin MonoManager ReloadAssembly
Native extension for WindowsStandalone target not found
Refreshing native plugins compatible for Editor in 0.81 ms, found 2 plugins.
Preloading 0 native plugins for Editor in 0.00 ms.
Mono: successfully reloaded assembly
- Completed reload, in  3.570 seconds
Platform modules already initialized, skipping
Refreshing native plugins compatible for Editor in 0.67 ms, found 2 plugins.
Preloading 0 native plugins for Editor in 0.00 ms.
Unloading 1382 Unused Serialized files (Serialized files now loaded: 0)
System memory in use before: 70.6 MB.
System memory in use after: 70.7 MB.

Unloading 14 unused Assets to reduce memory usage. Loaded Objects now: 1872.
Total: 4.627100 ms (FindLiveObjects: 0.445900 ms CreateObjectMapping: 0.124800 ms MarkObjects: 3.903300 ms  DeleteObjects: 0.150000 ms)

========================================================================
Received Import Request.
  Time since last request: 963.427500 seconds.
  path: Assets/Materials/New Material.mat
  artifactKey: Guid(352253f8840edf84ca574d4a3b22cae8) Importer(815301076,1909f56bfc062723c751e8b465ee728b)
Start importing Assets/Materials/New Material.mat using Guid(352253f8840edf84ca574d4a3b22cae8) Importer(815301076,1909f56bfc062723c751e8b465ee728b)  -> (artifact id: '8434f7d1812c3dcf94a7447ed09efdef') in 0.227539 seconds
  Import took 0.234482 seconds .

========================================================================
Received Import Request.
  Time since last request: 54.697904 seconds.
  path: Assets/Scenes
  artifactKey: Guid(5dc5bce960a302d43b2d82758d961dda) Importer(815301076,1909f56bfc062723c751e8b465ee728b)
Start importing Assets/Scenes using Guid(5dc5bce960a302d43b2d82758d961dda) Importer(815301076,1909f56bfc062723c751e8b465ee728b)  -> (artifact id: '9bff54624a6c331b91e089cbf57db417') in 0.011033 seconds
  Import took 0.017234 seconds .

========================================================================
Received Prepare
Registering precompiled user dll's ...
Registered in 0.040054 seconds.
Begin MonoManager ReloadAssembly
Native extension for WindowsStandalone target not found
Refreshing native plugins compatible for Editor in 0.94 ms, found 2 plugins.
Preloading 0 native plugins for Editor in 0.00 ms.
Mono: successfully reloaded assembly
- Completed reload, in  3.637 seconds
Platform modules already initialized, skipping
Refreshing native plugins compatible for Editor in 1.12 ms, found 2 plugins.
Preloading 0 native plugins for Editor in 0.00 ms.
Unloading 1382 Unused Serialized files (Serialized files now loaded: 0)
System memory in use before: 70.7 MB.
System memory in use after: 70.7 MB.

Unloading 14 unused Assets to reduce memory usage. Loaded Objects now: 1877.
Total: 7.271800 ms (FindLiveObjects: 0.743000 ms CreateObjectMapping: 0.238500 ms MarkObjects: 6.129800 ms  DeleteObjects: 0.155100 ms)

========================================================================
Received Prepare
Registering precompiled user dll's ...
Registered in 0.022893 seconds.
Begin MonoManager ReloadAssembly
Native extension for WindowsStandalone target not found
Refreshing native plugins compatible for Editor in 0.29 ms, found 2 plugins.
Preloading 0 native plugins for Editor in 0.00 ms.
Mono: successfully reloaded assembly
- Completed reload, in  1.609 seconds
Platform modules already initialized, skipping
Refreshing native plugins compatible for Editor in 0.40 ms, found 2 plugins.
Preloading 0 native plugins for Editor in 0.00 ms.
Unloading 1382 Unused Serialized files (Serialized files now loaded: 0)
System memory in use before: 70.7 MB.
System memory in use after: 70.7 MB.

Unloading 14 unused Assets to reduce memory usage. Loaded Objects now: 1880.
Total: 6.115600 ms (FindLiveObjects: 1.215600 ms CreateObjectMapping: 0.120200 ms MarkObjects: 4.451700 ms  DeleteObjects: 0.325800 ms)

AssetImportWorkerClient::OnTransportError - code=2 error=End of file
